#
# A fatal error has been detected by the Java Runtime Environment:
#
#  EXCEPTION_ACCESS_VIOLATION (0xc0000005) at pc=0x000000005b142b06, pid=15488, tid=0x0000000000004e64
#
# JRE version: OpenJDK Runtime Environment (8.0_252-b09) (build 1.8.0_252-b09)
# Java VM: OpenJDK 64-Bit Server VM (25.252-b09 mixed mode windows-amd64 compressed oops)
# Problematic frame:
# V  [jvm.dll+0x212b06]
#
# Failed to write core dump. Minidumps are not enabled by default on client versions of Windows
#
# If you would like to submit a bug report, please include
# instructions on how to reproduce the bug and visit:
#   http://bugreport.java.com/bugreport/crash.jsp
#

---------------  T H R E A D  ---------------

Current thread (0x0000000019c18000):  VMThread [stack: 0x000000001acc0000,0x000000001adc0000] [id=20068]

siginfo: ExceptionCode=0xc0000005, reading address 0x0000000000000008

Registers:
RAX=0x0000000000000000, RBX=0x000000001adbedb0, RCX=0x000000001adbedb0, RDX=0x0000000000000028
RSP=0x000000001adbeae0, RBP=0x000000001adbf2f0, RSI=0x0000000000000000, RDI=0x000000001adbf480
R8 =0x0000000000000000, R9 =0x00000000197011b0, R10=0x0000000000000008, R11=0x000000005b505708
R12=0x0000000019b255c0, R13=0x000000001adbf2b0, R14=0x00000000000003d8, R15=0x000000001adbf2a0
RIP=0x000000005b142b06, EFLAGS=0x0000000000010206

Top of Stack: (sp=0x000000001adbeae0)
0x000000001adbeae0:   0000000000000000 000000005b142b53
0x000000001adbeaf0:   000000001b3be280 000000001b3be280
0x000000001adbeb00:   000000001c4a5a20 0000000780d17778
0x000000001adbeb10:   000000001b3be140 0000000000000000
0x000000001adbeb20:   0000000000000000 000000005b525ab8
0x000000001adbeb30:   000000001b3be190 000000005b142c56
0x000000001adbeb40:   0000000002e23e10 0000000000000000
0x000000001adbeb50:   000060872cbe1df0 000000001b3be190
0x000000001adbeb60:   0000000000000000 000000005b142f8f
0x000000001adbeb70:   000000001adbecf0 0000000002b78ff0
0x000000001adbeb80:   0000000000000000 0000000000000000
0x000000001adbeb90:   0000000000000000 0000000000000000
0x000000001adbeba0:   0000000000000000 000000005b142b53
0x000000001adbebb0:   000000001b3be180 000000001b3be180
0x000000001adbebc0:   0000000000000000 0000000a00000001
0x000000001adbebd0:   0000000000000000 0000000000000007 

Instructions: (pc=0x000000005b142b06)
0x000000005b142ae6:   01 00 00 48 8b 05 d0 b5 59 00 48 33 c4 48 89 84
0x000000005b142af6:   24 30 01 00 00 4c 63 41 10 48 8b 41 08 48 8b d9
0x000000005b142b06:   42 38 54 00 08 74 33 44 0f be c2 48 8d 4c 24 20
0x000000005b142b16:   48 8d 15 cb 07 3e 00 e8 ae e5 de ff 48 8d 0d 47 


Register to memory mapping:

RAX=0x0000000000000000 is an unknown value
RBX=0x000000001adbedb0 is an unknown value
RCX=0x000000001adbedb0 is an unknown value
RDX=0x0000000000000028 is an unknown value
RSP=0x000000001adbeae0 is an unknown value
RBP=0x000000001adbf2f0 is an unknown value
RSI=0x0000000000000000 is an unknown value
RDI=0x000000001adbf480 is an unknown value
R8 =0x0000000000000000 is an unknown value
R9 =0x00000000197011b0 is pointing into metadata
R10=0x0000000000000008 is an unknown value
R11=0x000000005b505708 is an unknown value
R12=0x0000000019b255c0 is an unknown value
R13=0x000000001adbf2b0 is an unknown value
R14=0x00000000000003d8 is an unknown value
R15=0x000000001adbf2a0 is an unknown value


Stack: [0x000000001acc0000,0x000000001adc0000],  sp=0x000000001adbeae0,  free space=1018k
Native frames: (J=compiled Java code, j=interpreted, Vv=VM code, C=native code)
V  [jvm.dll+0x212b06]
V  [jvm.dll+0x213184]
V  [jvm.dll+0xda023]
V  [jvm.dll+0xdd139]
V  [jvm.dll+0xddbdf]
V  [jvm.dll+0xde425]
V  [jvm.dll+0xde672]
V  [jvm.dll+0xa039e]
V  [jvm.dll+0xa0a28]
V  [jvm.dll+0xa0b5a]
V  [jvm.dll+0xa0d58]
V  [jvm.dll+0xea59a]
V  [jvm.dll+0x107e1f]
V  [jvm.dll+0x19ae3f]
V  [jvm.dll+0x227f57]
V  [jvm.dll+0x227182]
V  [jvm.dll+0x227634]
V  [jvm.dll+0x2278b0]
V  [jvm.dll+0x2734aa]
C  [msvcr100.dll+0x21d9f]
C  [msvcr100.dll+0x21e3b]
C  [KERNEL32.DLL+0x17bd4]
C  [ntdll.dll+0x6ce51]

VM_Operation (0x000000001b3bf3a0): GetOrSetLocal, mode: safepoint, requested by thread 0x0000000019c5e800


---------------  P R O C E S S  ---------------

Java Threads: ( => current thread )
  0x000000001b8a8000 JavaThread "Service Thread" daemon [_thread_blocked, id=26352, stack(0x000000001bcc0000,0x000000001bdc0000)]
  0x000000001b83a000 JavaThread "C1 CompilerThread2" daemon [_thread_blocked, id=11432, stack(0x000000001bbc0000,0x000000001bcc0000)]
  0x000000001b832800 JavaThread "C2 CompilerThread1" daemon [_thread_blocked, id=23680, stack(0x000000001bac0000,0x000000001bbc0000)]
  0x000000001b830000 JavaThread "C2 CompilerThread0" daemon [_thread_blocked, id=14360, stack(0x000000001b9c0000,0x000000001bac0000)]
  0x0000000019c73800 JavaThread "JDWP Command Reader" daemon [_thread_in_native, id=14860, stack(0x000000001b4c0000,0x000000001b5c0000)]
  0x0000000019c70000 JavaThread "JDWP Event Helper Thread" daemon [_thread_blocked, id=25812, stack(0x000000001b3c0000,0x000000001b4c0000)]
  0x0000000019c5e800 JavaThread "JDWP Transport Listener: dt_socket" daemon [_thread_blocked, id=26456, stack(0x000000001b2c0000,0x000000001b3c0000)]
  0x0000000019c59000 JavaThread "Attach Listener" daemon [_thread_blocked, id=14224, stack(0x000000001b1c0000,0x000000001b2c0000)]
  0x0000000019c57000 JavaThread "Signal Dispatcher" daemon [_thread_blocked, id=24428, stack(0x000000001b0c0000,0x000000001b1c0000)]
  0x0000000002c29800 JavaThread "Finalizer" daemon [_thread_blocked, id=19156, stack(0x000000001aec0000,0x000000001afc0000)]
  0x0000000019c39800 JavaThread "Reference Handler" daemon [_thread_blocked, id=9976, stack(0x000000001adc0000,0x000000001aec0000)]
  0x0000000002b34800 JavaThread "main" [_thread_blocked, id=1500, stack(0x00000000027e0000,0x00000000028e0000)]

Other Threads:
=>0x0000000019c18000 VMThread [stack: 0x000000001acc0000,0x000000001adc0000] [id=20068]
  0x000000001b8ba800 WatcherThread [stack: 0x000000001bdc0000,0x000000001bec0000] [id=20040]

VM state:at safepoint (normal execution)

VM Mutex/Monitor currently owned by a thread:  ([mutex/lock_event])
[0x0000000002b30ed0] Threads_lock - owner thread: 0x0000000019c18000

heap address: 0x0000000702400000, size: 3036 MB, Compressed Oops mode: Zero based, Oop shift amount: 3
Narrow klass base: 0x0000000000000000, Narrow klass shift: 3
Compressed class space size: 1073741824 Address: 0x00000007c0000000

Heap:
 PSYoungGen      total 56832K, used 25834K [0x0000000780c00000, 0x0000000784b00000, 0x00000007c0000000)
  eden space 49152K, 52% used [0x0000000780c00000,0x000000078253a9c8,0x0000000783c00000)
  from space 7680K, 0% used [0x0000000784380000,0x0000000784380000,0x0000000784b00000)
  to   space 7680K, 0% used [0x0000000783c00000,0x0000000783c00000,0x0000000784380000)
 ParOldGen       total 130048K, used 0K [0x0000000702400000, 0x000000070a300000, 0x0000000780c00000)
  object space 130048K, 0% used [0x0000000702400000,0x0000000702400000,0x000000070a300000)
 Metaspace       used 7961K, capacity 8754K, committed 8960K, reserved 1056768K
  class space    used 978K, capacity 1172K, committed 1280K, reserved 1048576K

Card table byte_map: [0x0000000011ff0000,0x00000000125e0000] byte_map_base: 0x000000000e7de000

Marking Bits: (ParMarkBitMap*) 0x000000005b7050b0
 Begin Bits: [0x0000000012de0000, 0x0000000015d50000)
 End Bits:   [0x0000000015d50000, 0x0000000018cc0000)

Polling page: 0x0000000000de0000

CodeCache: size=245760Kb used=3298Kb max_used=3314Kb free=242461Kb
 bounds [0x0000000002c30000, 0x0000000002f70000, 0x0000000011c30000]
 total_blobs=1143 nmethods=853 adapters=211
 compilation: enabled

Compilation events (10 events):
Event: 1.486 Thread 0x000000001b83a000  849       3       java.security.CodeSource::equals (60 bytes)
Event: 1.486 Thread 0x000000001b83a000 nmethod 849 0x0000000002f62bd0 code [0x0000000002f62d80, 0x0000000002f63578]
Event: 1.486 Thread 0x000000001b83a000  850       3       java.net.URL::equals (24 bytes)
Event: 1.486 Thread 0x000000001b83a000 nmethod 850 0x0000000002f63750 code [0x0000000002f638c0, 0x0000000002f63d28]
Event: 1.487 Thread 0x000000001b830000  851   !   4       sun.misc.URLClassPath$JarLoader::ensureOpen (36 bytes)
Event: 1.487 Thread 0x000000001b832800  852       4       java.util.jar.JarFile::getEntry (22 bytes)
Event: 1.489 Thread 0x000000001b830000 nmethod 851 0x0000000002f66bd0 code [0x0000000002f66d40, 0x0000000002f66ef8]
Event: 1.489 Thread 0x000000001b830000  853   !   4       java.util.zip.ZipFile::getEntry (101 bytes)
Event: 1.509 Thread 0x000000001b830000 nmethod 853 0x0000000002f69a10 code [0x0000000002f69ca0, 0x0000000002f6aed0]
Event: 1.512 Thread 0x000000001b832800 nmethod 852 0x0000000002f6c310 code [0x0000000002f6c5c0, 0x0000000002f6d9a0]

GC Heap History (0 events):
No events

Deoptimization events (1 events):
Event: 1.368 Thread 0x0000000002b34800 Uncommon trap: reason=unstable_if action=reinterpret pc=0x0000000002e8daf4 method=sun.misc.MetaIndex.mayContain(Ljava/lang/String;)Z @ 38

Classes redefined (10 events):
Event: 1406.027 Thread 0x0000000019c18000 redefined class name=model.EntryListTest, count=1
Event: 2457.500 Thread 0x0000000019c18000 redefined class name=model.EntryList, count=4
Event: 2519.719 Thread 0x0000000019c18000 redefined class name=model.EntryList, count=5
Event: 4189.910 Thread 0x0000000019c18000 redefined class name=model.EntryList, count=6
Event: 7059.996 Thread 0x0000000019c18000 redefined class name=model.EntryList, count=7
Event: 7059.999 Thread 0x0000000019c18000 redefined class name=model.EntryListTest, count=2
Event: 7240.856 Thread 0x0000000019c18000 redefined class name=model.EntryList, count=8
Event: 7378.048 Thread 0x0000000019c18000 redefined class name=model.EntryList, count=9
Event: 8230.715 Thread 0x0000000019c18000 redefined class name=model.EntryList, count=10
Event: 21145.896 Thread 0x0000000019c18000 redefined class name=model.EntryListTest, count=3

Internal exceptions (10 events):
Event: 1.093 Thread 0x0000000002b34800 Exception <a 'java/lang/NoSuchMethodError': java.lang.Object.lambda$or$2(Ljava/util/function/Predicate;Ljava/lang/Object;)Z> (0x0000000781a5aa68) thrown at [C:\ws\UTv\Corretto8Src\installers\windows\zip\corretto-build\buildRoot\src\hotspot\src\share\vm\in
Event: 1.174 Thread 0x0000000002b34800 Exception <a 'java/lang/IncompatibleClassChangeError': Found class java.lang.Object, but interface was expected> (0x0000000781c1af08) thrown at [C:\ws\UTv\Corretto8Src\installers\windows\zip\corretto-build\buildRoot\src\hotspot\src\share\vm\interpreter\li
Event: 1.238 Thread 0x0000000002b34800 Exception <a 'java/lang/NoSuchMethodError': java.lang.Object.lambda$andThen$1(Ljava/util/function/Function;Ljava/lang/Object;)Ljava/lang/Object;> (0x0000000781d85d50) thrown at [C:\ws\UTv\Corretto8Src\installers\windows\zip\corretto-build\buildRoot\src\ho
Event: 1.267 Thread 0x0000000002b34800 Exception <a 'java/lang/NoSuchMethodError': java.lang.Object.lambda$accept$0(Lorg/junit/platform/engine/TestDescriptor$Visitor;Lorg/junit/platform/engine/TestDescriptor;)V> (0x0000000781e614c0) thrown at [C:\ws\UTv\Corretto8Src\installers\windows\zip\corr
Event: 1.269 Thread 0x0000000002b34800 Exception <a 'java/lang/IncompatibleClassChangeError': Found class java.lang.Object, but interface was expected> (0x0000000781e778d0) thrown at [C:\ws\UTv\Corretto8Src\installers\windows\zip\corretto-build\buildRoot\src\hotspot\src\share\vm\interpreter\li
Event: 1.271 Thread 0x0000000002b34800 Exception <a 'java/lang/NoSuchMethodError': java.lang.Object.containsTests(Lorg/junit/platform/engine/TestDescriptor;)Z> (0x0000000781e7ea50) thrown at [C:\ws\UTv\Corretto8Src\installers\windows\zip\corretto-build\buildRoot\src\hotspot\src\share\vm\interp
Event: 1.293 Thread 0x0000000002b34800 Exception <a 'java/lang/IncompatibleClassChangeError': Found class java.lang.Object, but interface was expected> (0x0000000781f0cb10) thrown at [C:\ws\UTv\Corretto8Src\installers\windows\zip\corretto-build\buildRoot\src\hotspot\src\share\vm\interpreter\li
Event: 1.336 Thread 0x0000000002b34800 Exception <a 'java/lang/NoSuchMethodError': java.lang.Object.lambda$comparing$77a9974f$1(Ljava/util/function/Function;Ljava/lang/Object;Ljava/lang/Object;)I> (0x0000000781fffa30) thrown at [C:\ws\UTv\Corretto8Src\installers\windows\zip\corretto-build\buil
Event: 1.341 Thread 0x0000000002b34800 Exception <a 'java/lang/NoSuchMethodError': java.lang.Object.lambda$thenComparing$36697e65$1(Ljava/util/Comparator;Ljava/lang/Object;Ljava/lang/Object;)I> (0x0000000782019bf0) thrown at [C:\ws\UTv\Corretto8Src\installers\windows\zip\corretto-build\buildRo
Event: 1.415 Thread 0x0000000002b34800 Exception <a 'java/lang/NoSuchMethodError': java.lang.Object.lambda$and$0(Ljava/util/function/Predicate;Ljava/lang/Object;)Z> (0x00000007822bdef8) thrown at [C:\ws\UTv\Corretto8Src\installers\windows\zip\corretto-build\buildRoot\src\hotspot\src\share\vm\i

Events (10 events):
Event: 21145.896 Executing VM operation: RedefineClasses done
Event: 21145.912 Executing VM operation: ChangeBreakpoints
Event: 21145.913 Executing VM operation: ChangeBreakpoints done
Event: 21145.915 Executing VM operation: ChangeBreakpoints
Event: 21145.916 Executing VM operation: ChangeBreakpoints done
Event: 21145.917 Executing VM operation: ChangeBreakpoints
Event: 21145.918 Executing VM operation: ChangeBreakpoints done
Event: 21145.919 Executing VM operation: ChangeBreakpoints
Event: 21145.919 Executing VM operation: ChangeBreakpoints done
Event: 21145.962 Executing VM operation: GetOrSetLocal


Dynamic libraries:
0x00007ff6c6650000 - 0x00007ff6c6685000 	C:\Users\Buddy\.jdks\corretto-1.8.0_252-1\bin\java.exe
0x00007ffc68d80000 - 0x00007ffc68f70000 	C:\WINDOWS\SYSTEM32\ntdll.dll
0x00007ffc67ad0000 - 0x00007ffc67b82000 	C:\WINDOWS\System32\KERNEL32.DLL
0x00007ffc66710000 - 0x00007ffc669b4000 	C:\WINDOWS\System32\KERNELBASE.dll
0x00007ffc68a80000 - 0x00007ffc68b23000 	C:\WINDOWS\System32\ADVAPI32.dll
0x00007ffc68360000 - 0x00007ffc683fe000 	C:\WINDOWS\System32\msvcrt.dll
0x00007ffc68760000 - 0x00007ffc687f7000 	C:\WINDOWS\System32\sechost.dll
0x00007ffc68860000 - 0x00007ffc68980000 	C:\WINDOWS\System32\RPCRT4.dll
0x00007ffc67840000 - 0x00007ffc679d4000 	C:\WINDOWS\System32\USER32.dll
0x00007ffc66c10000 - 0x00007ffc66c31000 	C:\WINDOWS\System32\win32u.dll
0x00007ffc66e30000 - 0x00007ffc66e56000 	C:\WINDOWS\System32\GDI32.dll
0x00007ffc66c90000 - 0x00007ffc66e26000 	C:\WINDOWS\System32\gdi32full.dll
0x00007ffc65e50000 - 0x00007ffc65eee000 	C:\WINDOWS\System32\msvcp_win.dll
0x00007ffc669c0000 - 0x00007ffc66aba000 	C:\WINDOWS\System32\ucrtbase.dll
0x00007ffc5bf90000 - 0x00007ffc5c214000 	C:\WINDOWS\WinSxS\amd64_microsoft.windows.common-controls_6595b64144ccf1df_6.0.18362.959_none_e6c7bbbf130c62bb\COMCTL32.dll
0x00007ffc68420000 - 0x00007ffc68755000 	C:\WINDOWS\System32\combase.dll
0x00007ffc65dd0000 - 0x00007ffc65e50000 	C:\WINDOWS\System32\bcryptPrimitives.dll
0x00007ffc67070000 - 0x00007ffc6709e000 	C:\WINDOWS\System32\IMM32.DLL
0x00007ffc64c60000 - 0x00007ffc64c91000 	C:\WINDOWS\SYSTEM32\ntmarta.dll
0x00007ffc65b50000 - 0x00007ffc65b7f000 	C:\WINDOWS\SYSTEM32\SspiCli.dll
0x000000005be70000 - 0x000000005bf42000 	C:\Users\Buddy\.jdks\corretto-1.8.0_252-1\jre\bin\msvcr100.dll
0x000000005af30000 - 0x000000005b781000 	C:\Users\Buddy\.jdks\corretto-1.8.0_252-1\jre\bin\server\jvm.dll
0x00007ffc67ee0000 - 0x00007ffc67ee8000 	C:\WINDOWS\System32\PSAPI.DLL
0x00007ffc64780000 - 0x00007ffc64789000 	C:\WINDOWS\SYSTEM32\WSOCK32.dll
0x00007ffc68990000 - 0x00007ffc689ff000 	C:\WINDOWS\System32\WS2_32.dll
0x00007ffc63550000 - 0x00007ffc63574000 	C:\WINDOWS\SYSTEM32\WINMM.dll
0x00007ffc57bd0000 - 0x00007ffc57bda000 	C:\WINDOWS\SYSTEM32\VERSION.dll
0x00007ffc625b0000 - 0x00007ffc625dd000 	C:\WINDOWS\SYSTEM32\WINMMBASE.dll
0x00007ffc66c40000 - 0x00007ffc66c8a000 	C:\WINDOWS\System32\cfgmgr32.dll
0x00007ffc614a0000 - 0x00007ffc614af000 	C:\Users\Buddy\.jdks\corretto-1.8.0_252-1\jre\bin\verify.dll
0x00007ffc57180000 - 0x00007ffc571a9000 	C:\Users\Buddy\.jdks\corretto-1.8.0_252-1\jre\bin\java.dll
0x00007ffc57280000 - 0x00007ffc572b5000 	C:\Users\Buddy\.jdks\corretto-1.8.0_252-1\jre\bin\jdwp.dll
0x00007ffc61410000 - 0x00007ffc61418000 	C:\Users\Buddy\.jdks\corretto-1.8.0_252-1\jre\bin\npt.dll
0x00007ffc52500000 - 0x00007ffc52523000 	C:\Users\Buddy\.jdks\corretto-1.8.0_252-1\jre\bin\instrument.dll
0x00007ffc60a60000 - 0x00007ffc60a76000 	C:\Users\Buddy\.jdks\corretto-1.8.0_252-1\jre\bin\zip.dll
0x00007ffc67150000 - 0x00007ffc67836000 	C:\WINDOWS\System32\SHELL32.dll
0x00007ffc68b30000 - 0x00007ffc68bd9000 	C:\WINDOWS\System32\shcore.dll
0x00007ffc65f80000 - 0x00007ffc66702000 	C:\WINDOWS\System32\windows.storage.dll
0x00007ffc65c90000 - 0x00007ffc65cb3000 	C:\WINDOWS\System32\profapi.dll
0x00007ffc65c40000 - 0x00007ffc65c8a000 	C:\WINDOWS\System32\powrprof.dll
0x00007ffc65c30000 - 0x00007ffc65c40000 	C:\WINDOWS\System32\UMPDC.dll
0x00007ffc68800000 - 0x00007ffc68852000 	C:\WINDOWS\System32\shlwapi.dll
0x00007ffc65cc0000 - 0x00007ffc65cd1000 	C:\WINDOWS\System32\kernel.appcore.dll
0x00007ffc65db0000 - 0x00007ffc65dc7000 	C:\WINDOWS\System32\cryptsp.dll
0x00007ffc56f90000 - 0x00007ffc56f99000 	C:\Users\Buddy\.jdks\corretto-1.8.0_252-1\jre\bin\dt_socket.dll
0x00007ffc654a0000 - 0x00007ffc65507000 	C:\WINDOWS\system32\mswsock.dll
0x00007ffc64560000 - 0x00007ffc64754000 	C:\WINDOWS\SYSTEM32\dbghelp.dll

VM Arguments:
jvm_args: -agentlib:jdwp=transport=dt_socket,address=127.0.0.1:54470,suspend=y,server=n -ea -Didea.test.cyclic.buffer.size=1048576 -javaagent:C:\Users\Buddy\AppData\Local\JetBrains\Toolbox\apps\IDEA-C\ch-1\201.8538.17\plugins\java\lib\rt\debugger-agent.jar -Dfile.encoding=UTF-8 
java_command: com.intellij.rt.junit.JUnitStarter -ideVersion5 -junit5 model.EntryListTest,testSortAndCountListByPhaseOnlyFullMoon
java_class_path (initial): C:\Users\Buddy\AppData\Local\JetBrains\Toolbox\apps\IDEA-C\ch-1\201.8538.17\lib\idea_rt.jar;C:\Users\Buddy\.m2\repository\org\junit\platform\junit-platform-launcher\1.4.2\junit-platform-launcher-1.4.2.jar;C:\Users\Buddy\.m2\repository\org\apiguardian\apiguardian-api\1.0.0\apiguardian-api-1.0.0.jar;C:\Users\Buddy\.m2\repository\org\junit\platform\junit-platform-engine\1.4.2\junit-platform-engine-1.4.2.jar;C:\Users\Buddy\.m2\repository\org\opentest4j\opentest4j\1.1.1\opentest4j-1.1.1.jar;C:\Users\Buddy\.m2\repository\org\junit\platform\junit-platform-commons\1.4.2\junit-platform-commons-1.4.2.jar;C:\Users\Buddy\AppData\Local\JetBrains\Toolbox\apps\IDEA-C\ch-1\201.8538.17\plugins\junit\lib\junit5-rt.jar;C:\Users\Buddy\AppData\Local\JetBrains\Toolbox\apps\IDEA-C\ch-1\201.8538.17\plugins\junit\lib\junit-rt.jar;C:\Users\Buddy\.jdks\corretto-1.8.0_252-1\jre\lib\charsets.jar;C:\Users\Buddy\.jdks\corretto-1.8.0_252-1\jre\lib\ext\access-bridge-64.jar;C:\Users\Buddy\.jdks\corretto-1.8.0_252-1\jre\lib\ext\cldrdata.jar;C:\Users\Buddy\.jdks\corretto-1.8.0_252-1\jre\lib\ext\dnsns.jar;C:\Users\Buddy\.jdks\corretto-1.8.0_252-1\jre\lib\ext\jaccess.jar;C:\Users\Buddy\.jdks\corretto-1.8.0_252-1\jre\lib\ext\jfxrt.jar;C:\Users\Buddy\.jdks\corretto-1.8.0_252-1\jre\lib\ext\localedata.jar;C:\Users\Buddy\.jdks\corretto-1.8.0_252-1\jre\lib\ext\nashorn.jar;C:\Users\Buddy\.jdks\corretto-1.8.0_252-1\jre\lib\ext\sunec.jar;C:\Users\Buddy\.jdks\corretto-1.8.0_252-1\jre\lib\ext\sunjce_provider.jar;C:\Users\Buddy\.jdks\corretto-1.8.0_252-1\jre\lib\ext\sunmscapi.jar;C:\Users\Buddy\.jdks\corretto-1.8.0_252-1\jre\lib\ext\sunpkcs11.jar;C:\Users\Buddy\.jdks\corretto-1.8.0_252-1\jre\lib\ext\zipfs.jar;C:\Users\Buddy\.jdks\corretto-1.8.0_252-1\jre\lib\jce.jar;C:\Users\Buddy\.jdks\corretto-1.8.0_252-1\jre\lib\jfxswt.jar;C:\Users\Buddy\.jdks\corretto-1.8.0_252-1\jre\lib\jsse.jar;C:\Users\Buddy\.jdks\corretto-1.8.0_252-1\jre\lib\management-agent.jar;C:\Users\Buddy\.jdks\corretto-1.8
Launcher Type: SUN_STANDARD

Environment Variables:
JAVA_HOME=C:\Program Files (x86)\Amazon Corretto\jdk1.8.0_252
PATH=C:\Program Files (x86)\Amazon Corretto\jdk1.8.0_252\bin;C:\Program Files (x86)\Common Files\Oracle\Java\javapath;C:\Program Files (x86)\Intel\iCLS Client\;C:\Program Files\Intel\iCLS Client\;C:\WINDOWS\system32;C:\WINDOWS;C:\WINDOWS\System32\Wbem;C:\WINDOWS\System32\WindowsPowerShell\v1.0\;C:\Program Files (x86)\Intel\Intel(R) Management Engine Components\DAL;C:\Program Files\Intel\Intel(R) Management Engine Components\DAL;C:\Program Files (x86)\Intel\Intel(R) Management Engine Components\IPT;C:\Program Files\Intel\Intel(R) Management Engine Components\IPT;C:\WINDOWS\System32\OpenSSH\;C:\Program Files\Intel\WiFi\bin\;C:\Program Files\Common Files\Intel\WirelessCommon\;C:\Program Files\Git\cmd;C:\Users\Buddy\AppData\Local\Microsoft\WindowsApps;
USERNAME=Buddy
OS=Windows_NT
PROCESSOR_IDENTIFIER=Intel64 Family 6 Model 142 Stepping 9, GenuineIntel



---------------  S Y S T E M  ---------------

OS: Windows 10.0 , 64 bit Build 18362 (10.0.18362.959)

CPU:total 4 (initial active 4) (2 cores per cpu, 2 threads per core) family 6 model 142 stepping 9, cmov, cx8, fxsr, mmx, sse, sse2, sse3, ssse3, sse4.1, sse4.2, popcnt, avx, avx2, aes, clmul, erms, 3dnowpref, lzcnt, ht, tsc, tscinvbit, bmi1, bmi2, adx

Memory: 4k page, physical 12431076k(5355480k free), swap 14331620k(3057144k free)

vm_info: OpenJDK 64-Bit Server VM (25.252-b09) for windows-amd64 JRE (1.8.0_252-b09), built on Apr 17 2020 18:10:37 by "Administrator" with MS VC++ 10.0 (VS2010)

time: Sat Jul 25 00:14:53 2020
timezone: Pacific Daylight Time
elapsed time: 21146 seconds (0d 5h 52m 26s)

